<?xml version="1.0" encoding="UTF-8"?>
<testsuite xmlns:xsi="http://www.w3.org/2001/XMLSchema-instance" xsi:noNamespaceSchemaLocation="https://maven.apache.org/surefire/maven-surefire-plugin/xsd/surefire-test-report-3.0.xsd" version="3.0" name="com.photo.album.service.PhotoServiceTest" time="0.09" tests="9" errors="0" skipped="0" failures="0">
  <properties>
[...]
</properties>
  <testcase name="testGetUserPhotos_Success" classname="com.photo.album.service.PhotoServiceTest" time="0.055"/>
  <testcase name="testGetAlbumPhotos_Success" classname="com.photo.album.service.PhotoServiceTest" time="0.004"/>
  <testcase name="testRenamePhoto_Success" classname="com.photo.album.service.PhotoServiceTest" time="0.006"/>
  <testcase name="testDeletePhotos_Success" classname="com.photo.album.service.PhotoServiceTest" time="0.005"/>
  <testcase name="testMovePhotos_Success" classname="com.photo.album.service.PhotoServiceTest" time="0.003"/>
  <testcase name="testDeletePhoto_Success" classname="com.photo.album.service.PhotoServiceTest" time="0.004"/>
  <testcase name="testRenamePhoto_NotFound" classname="com.photo.album.service.PhotoServiceTest" time="0.002"/>
  <testcase name="testGetPhotoById_Success" classname="com.photo.album.service.PhotoServiceTest" time="0.002"/>
  <testcase name="testDeletePhoto_NotFound" classname="com.photo.album.service.PhotoServiceTest" time="0.003"/>
</testsuite>